<?xml version="1.0" encoding="UTF-8" ?>
<testsuite tests="7" failures="0" name="eu.gricom.interpreter.basic.variableTypes.BooleanValueTest" time="0.042" errors="0" skipped="0">
  <properties>
[...]
</properties>
  <testcase classname="eu.gricom.interpreter.basic.variableTypes.BooleanValueTest" name="eu.gricom.interpreter.basic.variableTypes.BooleanValueTest.testEvaluate" time="0"/>
  <testcase classname="eu.gricom.interpreter.basic.variableTypes.BooleanValueTest" name="eu.gricom.interpreter.basic.variableTypes.BooleanValueTest.testToString" time="0"/>
  <testcase classname="eu.gricom.interpreter.basic.variableTypes.BooleanValueTest" name="eu.gricom.interpreter.basic.variableTypes.BooleanValueTest.testFromNumber" time="0"/>
  <testcase classname="eu.gricom.interpreter.basic.variableTypes.BooleanValueTest" name="eu.gricom.interpreter.basic.variableTypes.BooleanValueTest.testToNumber" time="0"/>
  <testcase classname="eu.gricom.interpreter.basic.variableTypes.BooleanValueTest" name="eu.gricom.interpreter.basic.variableTypes.BooleanValueTest.testIsTrue" time="0"/>
  <testcase classname="eu.gricom.interpreter.basic.variableTypes.BooleanValueTest" name="eu.gricom.interpreter.basic.variableTypes.BooleanValueTest.testEquals" time="0"/>
  <testcase classname="eu.gricom.interpreter.basic.variableTypes.BooleanValueTest" name="eu.gricom.interpreter.basic.variableTypes.BooleanValueTest.testLargerThanTypeException" time="0.042"/>
</testsuite>