<?xml version="1.0" encoding="UTF-8"?>
<checkstyle version="6.18">
<file name="/Users/andreas/Projects/Sources/Java/Interpreters/src/main/java/eu/gricom/interpreter/basic/Basic.java">
<error line="64" severity="warning" message="Comment matches to-do format &apos;TODO:&apos;." source="com.puppycrawl.tools.checkstyle.checks.TodoCommentCheck"/>
<error line="98" severity="warning" message="Line is longer than 150 characters (found 155)." source="com.puppycrawl.tools.checkstyle.checks.sizes.LineLengthCheck"/>
<error line="131" column="81" severity="warning" message="&apos;+&apos; is not preceded with whitespace." source="com.puppycrawl.tools.checkstyle.checks.whitespace.WhitespaceAroundCheck"/>
<error line="145" column="81" severity="warning" message="&apos;+&apos; is not preceded with whitespace." source="com.puppycrawl.tools.checkstyle.checks.whitespace.WhitespaceAroundCheck"/>
<error line="193" severity="warning" message="Comment matches to-do format &apos;TODO:&apos;." source="com.puppycrawl.tools.checkstyle.checks.TodoCommentCheck"/>
</file>
<file name="/Users/andreas/Projects/Sources/Java/Interpreters/src/main/java/eu/gricom/interpreter/basic/tokenizer/TokenType.java">
<error line="0" severity="warning" message="Missing package-info.java file." source="com.puppycrawl.tools.checkstyle.checks.javadoc.JavadocPackageCheck"/>
</file>
<file name="/Users/andreas/Projects/Sources/Java/Interpreters/src/main/java/eu/gricom/interpreter/basic/tokenizer/ReservedWords.java">
<error line="5" severity="warning" message="Missing a Javadoc comment." source="com.puppycrawl.tools.checkstyle.checks.javadoc.JavadocTypeCheck"/>
<error line="5" column="1" severity="warning" message="Utility classes should not have a public or default constructor." source="com.puppycrawl.tools.checkstyle.checks.design.HideUtilityClassConstructorCheck"/>
<error line="10" column="28" severity="warning" message="Name &apos;astrReservedWords&apos; must match pattern &apos;^_[abfdiosv][a-zA-Z0-9]*$&apos;." source="com.puppycrawl.tools.checkstyle.checks.naming.StaticVariableNameCheck"/>
<error line="10" column="28" severity="warning" message="Variable &apos;astrReservedWords&apos; must be private and have accessor methods." source="com.puppycrawl.tools.checkstyle.checks.design.VisibilityModifierCheck"/>
<error line="14" column="37" severity="warning" message="&apos;,&apos; is not followed by whitespace." source="com.puppycrawl.tools.checkstyle.checks.whitespace.WhitespaceAfterCheck"/>
<error line="32" column="24" severity="warning" message="Name &apos;aeTokenTypes&apos; must match pattern &apos;^_[abfdiosv][a-zA-Z0-9]*$&apos;." source="com.puppycrawl.tools.checkstyle.checks.naming.StaticVariableNameCheck"/>
<error line="32" column="24" severity="warning" message="Variable &apos;aeTokenTypes&apos; must be private and have accessor methods." source="com.puppycrawl.tools.checkstyle.checks.design.VisibilityModifierCheck"/>
<error line="34" severity="warning" message="Line is longer than 150 characters (found 164)." source="com.puppycrawl.tools.checkstyle.checks.sizes.LineLengthCheck"/>
<error line="55" column="5" severity="warning" message="Missing a Javadoc comment." source="com.puppycrawl.tools.checkstyle.checks.javadoc.JavadocMethodCheck"/>
<error line="55" column="32" severity="warning" message="&apos;(&apos; is preceded with whitespace." source="com.puppycrawl.tools.checkstyle.checks.whitespace.MethodParamPadCheck"/>
<error line="71" column="5" severity="warning" message="Missing a Javadoc comment." source="com.puppycrawl.tools.checkstyle.checks.javadoc.JavadocMethodCheck"/>
<error line="71" column="42" severity="warning" message="&apos;(&apos; is preceded with whitespace." source="com.puppycrawl.tools.checkstyle.checks.whitespace.MethodParamPadCheck"/>
<error line="71" column="43" severity="warning" message="Parameter iIndex should be final." source="com.puppycrawl.tools.checkstyle.checks.FinalParametersCheck"/>
</file>
<file name="/Users/andreas/Projects/Sources/Java/Interpreters/src/main/java/eu/gricom/interpreter/basic/tokenizer/Tokenizer.java">
<error line="28" column="57" severity="warning" message="Expected @throws tag for &apos;SyntaxErrorException&apos;." source="com.puppycrawl.tools.checkstyle.checks.javadoc.JavadocMethodCheck"/>
</file>
<file name="/Users/andreas/Projects/Sources/Java/Interpreters/src/main/java/eu/gricom/interpreter/basic/tokenizer/Token.java">
<error line="25" column="63" severity="warning" message="Parameter iLineNumber should be final." source="com.puppycrawl.tools.checkstyle.checks.FinalParametersCheck"/>
<error line="25" column="67" severity="warning" message="Expected @param tag for &apos;iLineNumber&apos;." source="com.puppycrawl.tools.checkstyle.checks.javadoc.JavadocMethodCheck"/>
<error line="63" column="27" severity="warning" message="Parameter strText should be final." source="com.puppycrawl.tools.checkstyle.checks.FinalParametersCheck"/>
<error line="63" column="34" severity="warning" message="Expected @param tag for &apos;strText&apos;." source="com.puppycrawl.tools.checkstyle.checks.javadoc.JavadocMethodCheck"/>
</file>
<file name="/Users/andreas/Projects/Sources/Java/Interpreters/src/main/java/eu/gricom/interpreter/basic/tokenizer/BasicLexer.java">
<error line="25" column="5" severity="warning" message="Method &apos;tokenize&apos; is not designed for extension - needs to be abstract, final or empty." source="com.puppycrawl.tools.checkstyle.checks.design.DesignForExtensionCheck"/>
<error line="26" column="33" severity="warning" message="Parameter strSource should be final." source="com.puppycrawl.tools.checkstyle.checks.FinalParametersCheck"/>
<error line="73" column="101" severity="warning" message="&apos;+&apos; should be on a new line." source="com.puppycrawl.tools.checkstyle.checks.whitespace.OperatorWrapCheck"/>
<error line="91" column="63" severity="warning" message="&apos;||&apos; should be on a new line." source="com.puppycrawl.tools.checkstyle.checks.whitespace.OperatorWrapCheck"/>
<error line="136" column="5" severity="warning" message="Missing a Javadoc comment." source="com.puppycrawl.tools.checkstyle.checks.javadoc.JavadocMethodCheck"/>
<error line="136" column="31" severity="warning" message="Parameter strWord should be final." source="com.puppycrawl.tools.checkstyle.checks.FinalParametersCheck"/>
<error line="144" column="5" severity="warning" message="Missing a Javadoc comment." source="com.puppycrawl.tools.checkstyle.checks.javadoc.JavadocMethodCheck"/>
<error line="144" column="30" severity="warning" message="Parameter strWord should be final." source="com.puppycrawl.tools.checkstyle.checks.FinalParametersCheck"/>
<error line="152" column="5" severity="warning" message="Missing a Javadoc comment." source="com.puppycrawl.tools.checkstyle.checks.javadoc.JavadocMethodCheck"/>
<error line="152" column="30" severity="warning" message="Parameter strWord should be final." source="com.puppycrawl.tools.checkstyle.checks.FinalParametersCheck"/>
</file>
<file name="/Users/andreas/Projects/Sources/Java/Interpreters/src/main/java/eu/gricom/interpreter/basic/parser/Parser.java">
<error line="0" severity="warning" message="Missing package-info.java file." source="com.puppycrawl.tools.checkstyle.checks.javadoc.JavadocPackageCheck"/>
<error line="26" severity="warning" message="Expected an @return tag." source="com.puppycrawl.tools.checkstyle.checks.javadoc.JavadocMethodCheck"/>
<error line="26" column="5" severity="warning" message="Redundant &apos;public&apos; modifier." source="com.puppycrawl.tools.checkstyle.checks.modifier.RedundantModifierCheck"/>
<error line="26" column="43" severity="warning" message="Expected @throws tag for &apos;SyntaxErrorException&apos;." source="com.puppycrawl.tools.checkstyle.checks.javadoc.JavadocMethodCheck"/>
</file>
<file name="/Users/andreas/Projects/Sources/Java/Interpreters/src/main/java/eu/gricom/interpreter/basic/parser/BasicParser.java">
<error line="0" severity="warning" message="File does not end with a newline." source="com.puppycrawl.tools.checkstyle.checks.NewlineAtEndOfFileCheck"/>
<error line="9" column="8" severity="warning" message="Unused import - eu.gricom.interpreter.basic.statements.IfThenStatement." source="com.puppycrawl.tools.checkstyle.checks.imports.UnusedImportsCheck"/>
<error line="39" column="33" severity="warning" message="Name &apos;oLineNumber&apos; must match pattern &apos;^_[abfdiosv][a-zA-Z0-9]*$&apos;." source="com.puppycrawl.tools.checkstyle.checks.naming.MemberNameCheck"/>
<error line="52" column="5" severity="warning" message="Method &apos;parse&apos; is not designed for extension - needs to be abstract, final or empty." source="com.puppycrawl.tools.checkstyle.checks.design.DesignForExtensionCheck"/>
<error line="58" column="17" severity="warning" message="Name &apos;_bContinue&apos; must match pattern &apos;^[a-z][a-zA-Z0-9]*$&apos;." source="com.puppycrawl.tools.checkstyle.checks.naming.LocalVariableNameCheck"/>
<error line="88" column="68" severity="warning" message="&apos;-&apos; is not followed by whitespace." source="com.puppycrawl.tools.checkstyle.checks.whitespace.WhitespaceAroundCheck"/>
<error line="105" column="69" severity="warning" message="&apos;-&apos; is not followed by whitespace." source="com.puppycrawl.tools.checkstyle.checks.whitespace.WhitespaceAroundCheck"/>
<error line="126" column="69" severity="warning" message="&apos;-&apos; is not followed by whitespace." source="com.puppycrawl.tools.checkstyle.checks.whitespace.WhitespaceAroundCheck"/>
<error line="147" column="114" severity="warning" message="&apos;+&apos; should be on a new line." source="com.puppycrawl.tools.checkstyle.checks.whitespace.OperatorWrapCheck"/>
<error line="213" severity="warning" message="Line is longer than 150 characters (found 158)." source="com.puppycrawl.tools.checkstyle.checks.sizes.LineLengthCheck"/>
<error line="216" column="53" severity="warning" message="&apos;||&apos; should be on a new line." source="com.puppycrawl.tools.checkstyle.checks.whitespace.OperatorWrapCheck"/>
<error line="217" column="55" severity="warning" message="&apos;||&apos; should be on a new line." source="com.puppycrawl.tools.checkstyle.checks.whitespace.OperatorWrapCheck"/>
<error line="218" column="58" severity="warning" message="&apos;||&apos; should be on a new line." source="com.puppycrawl.tools.checkstyle.checks.whitespace.OperatorWrapCheck"/>
<error line="219" column="56" severity="warning" message="&apos;||&apos; should be on a new line." source="com.puppycrawl.tools.checkstyle.checks.whitespace.OperatorWrapCheck"/>
<error line="220" column="55" severity="warning" message="&apos;||&apos; should be on a new line." source="com.puppycrawl.tools.checkstyle.checks.whitespace.OperatorWrapCheck"/>
<error line="222" severity="warning" message="Line is longer than 150 characters (found 162)." source="com.puppycrawl.tools.checkstyle.checks.sizes.LineLengthCheck"/>
<error line="246" severity="warning" message="switch without &quot;default&quot; clause." source="com.puppycrawl.tools.checkstyle.checks.coding.MissingSwitchDefaultCheck"/>
<error line="251" severity="warning" message="Line is longer than 150 characters (found 170)." source="com.puppycrawl.tools.checkstyle.checks.sizes.LineLengthCheck"/>
<error line="258" severity="warning" message="Line is longer than 150 characters (found 170)." source="com.puppycrawl.tools.checkstyle.checks.sizes.LineLengthCheck"/>
<error line="265" severity="warning" message="Line is longer than 150 characters (found 170)." source="com.puppycrawl.tools.checkstyle.checks.sizes.LineLengthCheck"/>
<error line="273" severity="warning" message="Line is longer than 150 characters (found 170)." source="com.puppycrawl.tools.checkstyle.checks.sizes.LineLengthCheck"/>
<error line="354" column="120" severity="warning" message="&apos;+&apos; should be on a new line." source="com.puppycrawl.tools.checkstyle.checks.whitespace.OperatorWrapCheck"/>
<error line="398" column="67" severity="warning" message="Expected @throws tag for &apos;SyntaxErrorException&apos;." source="com.puppycrawl.tools.checkstyle.checks.javadoc.JavadocMethodCheck"/>
</file>
<file name="/Users/andreas/Projects/Sources/Java/Interpreters/src/main/java/eu/gricom/interpreter/basic/statements/EndStatement.java">
<error line="42" column="5" severity="warning" message="Method &apos;getLineNumber&apos; is not designed for extension - needs to be abstract, final or empty." source="com.puppycrawl.tools.checkstyle.checks.design.DesignForExtensionCheck"/>
<error line="52" column="40" severity="warning" message="Expected @throws tag for &apos;Exception&apos;." source="com.puppycrawl.tools.checkstyle.checks.javadoc.JavadocMethodCheck"/>
</file>
<file name="/Users/andreas/Projects/Sources/Java/Interpreters/src/main/java/eu/gricom/interpreter/basic/statements/IfThenStatement.java">
<error line="59" column="38" severity="warning" message="Expected @param tag for &apos;iLineNumber&apos;." source="com.puppycrawl.tools.checkstyle.checks.javadoc.JavadocMethodCheck"/>
</file>
<file name="/Users/andreas/Projects/Sources/Java/Interpreters/src/main/java/eu/gricom/interpreter/basic/statements/InputStatement.java">
<error line="41" column="27" severity="warning" message="Parameter iLineNumber should be final." source="com.puppycrawl.tools.checkstyle.checks.FinalParametersCheck"/>
<error line="41" column="31" severity="warning" message="Expected @param tag for &apos;iLineNumber&apos;." source="com.puppycrawl.tools.checkstyle.checks.javadoc.JavadocMethodCheck"/>
<error line="51" column="5" severity="warning" message="Method &apos;getLineNumber&apos; is not designed for extension - needs to be abstract, final or empty." source="com.puppycrawl.tools.checkstyle.checks.design.DesignForExtensionCheck"/>
</file>
<file name="/Users/andreas/Projects/Sources/Java/Interpreters/src/main/java/eu/gricom/interpreter/basic/statements/GotoStatement.java">
<error line="60" column="34" severity="warning" message="Expected @throws tag for &apos;SyntaxErrorException&apos;." source="com.puppycrawl.tools.checkstyle.checks.javadoc.JavadocMethodCheck"/>
</file>
<file name="/Users/andreas/Projects/Sources/Java/Interpreters/src/main/java/eu/gricom/interpreter/basic/variableTypes/RealValue.java">
<error line="56" column="22" severity="warning" message="&apos;typecast&apos; is not followed by whitespace." source="com.puppycrawl.tools.checkstyle.checks.whitespace.WhitespaceAfterCheck"/>
<error line="128" column="5" severity="warning" message="Method &apos;power&apos; is not designed for extension - needs to be abstract, final or empty." source="com.puppycrawl.tools.checkstyle.checks.design.DesignForExtensionCheck"/>
<error line="129" column="24" severity="warning" message="Parameter oValue should be final." source="com.puppycrawl.tools.checkstyle.checks.FinalParametersCheck"/>
<error line="133" column="54" severity="warning" message="&apos;,&apos; is not followed by whitespace." source="com.puppycrawl.tools.checkstyle.checks.whitespace.WhitespaceAfterCheck"/>
</file>
<file name="/Users/andreas/Projects/Sources/Java/Interpreters/src/main/java/eu/gricom/interpreter/basic/variableTypes/BooleanValue.java">
<error line="174" column="5" severity="warning" message="Method &apos;power&apos; is not designed for extension - needs to be abstract, final or empty." source="com.puppycrawl.tools.checkstyle.checks.design.DesignForExtensionCheck"/>
<error line="175" column="24" severity="warning" message="Parameter oValue should be final." source="com.puppycrawl.tools.checkstyle.checks.FinalParametersCheck"/>
</file>
<file name="/Users/andreas/Projects/Sources/Java/Interpreters/src/main/java/eu/gricom/interpreter/basic/variableTypes/StringValue.java">
<error line="83" column="5" severity="warning" message="Method &apos;power&apos; is not designed for extension - needs to be abstract, final or empty." source="com.puppycrawl.tools.checkstyle.checks.design.DesignForExtensionCheck"/>
<error line="84" column="24" severity="warning" message="Parameter oValue should be final." source="com.puppycrawl.tools.checkstyle.checks.FinalParametersCheck"/>
</file>
<file name="/Users/andreas/Projects/Sources/Java/Interpreters/src/main/java/eu/gricom/interpreter/basic/variableTypes/IntegerValue.java">
<error line="129" column="5" severity="warning" message="Method &apos;power&apos; is not designed for extension - needs to be abstract, final or empty." source="com.puppycrawl.tools.checkstyle.checks.design.DesignForExtensionCheck"/>
<error line="130" column="24" severity="warning" message="Parameter oValue should be final." source="com.puppycrawl.tools.checkstyle.checks.FinalParametersCheck"/>
<error line="135" column="72" severity="warning" message="&apos;,&apos; is not followed by whitespace." source="com.puppycrawl.tools.checkstyle.checks.whitespace.WhitespaceAfterCheck"/>
</file>
</checkstyle>
